###############################################################################
#
# IAR C/C++ Compiler V3.10.1.201 for STM8                 20/Dec/2018  14:27:47
# Copyright 2010-2017 IAR Systems AB.
# PC-locked license - IAR Embedded Workbench for STMicroelectronics STM8
#
#    Source file  =  D:\Projects\Lab equipment\RFUART\FW\STM8L_IAR\src\eeprom.c
#    Command line =  
#        -f C:\Users\Gemicle\AppData\Local\Temp\EW164E.tmp ("D:\Projects\Lab
#        equipment\RFUART\FW\STM8L_IAR\src\eeprom.c" -e -Ohz --debug
#        --code_model medium --data_model medium -o "D:\Projects\Lab
#        equipment\RFUART\FW\STM8L_IAR\Release\Obj" --dlib_config "C:\Program
#        Files (x86)\IAR Systems\Embedded Workbench 8.0\stm8\LIB\dlstm8mmn.h"
#        -D STM8L15X_LD -lcN "D:\Projects\Lab
#        equipment\RFUART\FW\STM8L_IAR\Release\List" -lb "D:\Projects\Lab
#        equipment\RFUART\FW\STM8L_IAR\Release\List" -I "D:\Projects\Lab
#        equipment\RFUART\FW\IAR\" -I "D:\Projects\Lab
#        equipment\RFUART\FW\IAR\src\" -I "D:\Projects\Lab
#        equipment\RFUART\FW\IAR\inc\" -I "D:\Projects\Lab
#        equipment\RFUART\FW\IAR\STM8L15x_StdPeriph_Driver\src\" -I
#        "D:\Projects\Lab
#        equipment\RFUART\FW\STM8L_IAR\STM8L15x_StdPeriph_Driver\" -I
#        "D:\Projects\Lab
#        equipment\RFUART\FW\STM8L_IAR\STM8L15x_StdPeriph_Driver\inc\" -I
#        "D:\Projects\Lab equipment\RFUART\FW\STM8L_IAR\inc\"
#        --require_prototypes --vregs 16)
#    Locale       =  Russian_RUS.1251
#    List file    =  
#        D:\Projects\Lab equipment\RFUART\FW\STM8L_IAR\Release\List\eeprom.lst
#    Object file  =  
#        D:\Projects\Lab equipment\RFUART\FW\STM8L_IAR\Release\Obj\eeprom.o
#
###############################################################################

D:\Projects\Lab equipment\RFUART\FW\STM8L_IAR\src\eeprom.c
      1          /*
      2          //subjects to operative change - must be stored in EEPROM
      3          //working channel
      4          #define WORK_CHANNEL 4 //868.100; to be parametrized
      5          //bit rate
      6          #define WORK_BITRATE 9600 //to be parametrized
      7          //deviation
      8          #define WORK_DEVIATION 40000 //to be parametrized
      9          //modulation setting
     10          #define WORK_MOD_SETTING		(DATA_MODE_PACKET | MOD_TYPE_FSK | MOD_SHAPING_NONE) //to be parametrized (gauss filtering)
     11          //#define WORK_MOD_SETTING		(DATA_MODE_PACKET | MOD_TYPE_FSK | MOD_SHAPING_G10) //to be parametrized
     12          //#define WORK_MOD_SETTING		(DATA_MODE_PACKET | MOD_TYPE_FSK | MOD_SHAPING_G05) //to be parametrized
     13          //#define WORK_MOD_SETTING		(DATA_MODE_PACKET | MOD_TYPE_FSK | MOD_SHAPING_G03) //to be parametrized
     14          //TX power
     15          #define WORK_TXPOWER 27 //13 dBm; to be parametrized
     16          
     17          //receiver settings
     18          #define WORK_RBW_DCC            DCC3 //to be parametrized
     19          #define WORK_RBW_BW             BW_83K3 //to be parametrized
     20          #define WORK_AFC_DCC            DCC2 //to be parametrized
     21          #define WORK_AFC_BW             BW_125K //to be parametrized
     22          
     23          //sync value ("Senao" nostalgie :) )
     24          #define WORK_SYNC1 0x23
     25          #define WORK_SYNC2 0x6B
     26          #define WORK_SYNC3 0xC9
     27          #define WORK_SYNC4 0x6C
     28          #define WORK_SYNC5 0x6B
     29          #define WORK_SYNC6 0x23
     30          #define WORK_SYNC7 0x6C
     31          #define WORK_SYNC8 0xC9
     32          
     33          #define WORK_NODEADDR   0x58
     34          #define WORK_BRADDR     0xFF
     35          
     36          #define SYNC_SIZE               7 //means 8
     37          #define SYNC_TOL                0
     38          #define PACKET_DELAY 1
     39          #define WORK_PACKET_LEN 43
     40          
     41          //#define WORK_PACKETCONFIG1 (PACKET_LEN_VARIABLE | DC_FREE_NONE | CRC_ON | CRC_AUTOCLR_OFF | ADDR_FILT_ADDR_BC)
     42          //#define TEST_PACKETCONFIG1 (PACKET_LEN_VARIABLE | DC_FREE_NONE | CRC_ON | CRC_AUTOCLR_OFF | ADDR_FILT_ADDR_BC)
     43          #define WORK_PACKETCONFIG1 (PACKET_LEN_VARIABLE | DC_FREE_WHITENING | CRC_ON | CRC_AUTOCLR_ON | ADDR_FILT_ADDR_BC)
     44          //#define WORK_PACKETCONFIG1 (PACKET_LEN_VARIABLE | DC_FREE_WHITENING | CRC_ON | CRC_AUTOCLR_OFF | ADDR_FILT_ADDR_BC)
     45          
     46          */

 

 


Errors: none
Warnings: none
